<?xml version="1.0" encoding="UTF-8" ?>
<testsuite tests="9" failures="1" name="TestSuite" time="2.525" errors="0" skipped="2">
  <properties>
[...]
</properties>
  <testcase classname="external.client.NbpApiClientTest" name="getTableCForDay" time="0.388"/>
  <testcase classname="external.dao.CurrencyAccountDaoTest" name="shouldDelete" time="0"/>
  <testcase classname="external.dao.CurrencyAccountDaoTest" name="shouldFindById" time="0"/>
  <testcase classname="external.dao.CurrencyAccountDaoTest" name="shouldSaveOrUpdate" time="0"/>
  <testcase classname="external.dao.ExchangeRateDaoTest" name="shouldSaveRates" time="2.084"/>
  <testcase classname="external.dao.ExchangeRateDaoTest" name="shouldFindByCurrencyAndDate" time="0.015"/>
  <testcase classname="external.dao.TransactionLogDaoTest" name="shouldSave" time="0.038">
    <failure message="org.hibernate.exception.ConstraintViolationException: could not execute statement" type="javax.persistence.PersistenceException">javax.persistence.PersistenceException: org.hibernate.exception.ConstraintViolationException: could not execute statement
	at org.hibernate.internal.ExceptionConverterImpl.convert(ExceptionConverterImpl.java:154)
	at org.hibernate.internal.ExceptionConverterImpl.convert(ExceptionConverterImpl.java:181)
	at org.hibernate.internal.ExceptionConverterImpl.convert(ExceptionConverterImpl.java:188)
	at org.hibernate.internal.SessionImpl.doFlush(SessionImpl.java:1366)
	at org.hibernate.internal.SessionImpl.managedFlush(SessionImpl.java:453)
	at org.hibernate.internal.SessionImpl.flushBeforeTransactionCompletion(SessionImpl.java:3212)
	at org.hibernate.internal.SessionImpl.beforeTransactionCompletion(SessionImpl.java:2380)
	at org.hibernate.engine.jdbc.internal.JdbcCoordinatorImpl.beforeTransactionCompletion(JdbcCoordinatorImpl.java:447)
	at org.hibernate.resource.transaction.backend.jdbc.internal.JdbcResourceLocalTransactionCoordinatorImpl.beforeCompletionCallback(JdbcResourceLocalTransactionCoordinatorImpl.java:183)
	at org.hibernate.resource.transaction.backend.jdbc.internal.JdbcResourceLocalTransactionCoordinatorImpl.access$300(JdbcResourceLocalTransactionCoordinatorImpl.java:40)
	at org.hibernate.resource.transaction.backend.jdbc.internal.JdbcResourceLocalTransactionCoordinatorImpl$TransactionDriverControlImpl.commit(JdbcResourceLocalTransactionCoordinatorImpl.java:281)
	at org.hibernate.engine.transaction.internal.TransactionImpl.commit(TransactionImpl.java:101)
	at external.dao.TransactionLogDao.save(TransactionLogDao.java:49)
	at external.dao.TransactionLogDaoTest.shouldSave(TransactionLogDaoTest.java:37)
Caused by: org.hibernate.exception.ConstraintViolationException: could not execute statement
	at org.hibernate.exception.internal.SQLExceptionTypeDelegate.convert(SQLExceptionTypeDelegate.java:59)
	at org.hibernate.exception.internal.StandardSQLExceptionConverter.convert(StandardSQLExceptionConverter.java:42)
	at org.hibernate.engine.jdbc.spi.SqlExceptionHelper.convert(SqlExceptionHelper.java:113)
	at org.hibernate.engine.jdbc.spi.SqlExceptionHelper.convert(SqlExceptionHelper.java:99)
	at org.hibernate.engine.jdbc.internal.ResultSetReturnImpl.executeUpdate(ResultSetReturnImpl.java:200)
	at org.hibernate.persister.entity.AbstractEntityPersister.insert(AbstractEntityPersister.java:3297)
	at org.hibernate.persister.entity.AbstractEntityPersister.insert(AbstractEntityPersister.java:3824)
	at org.hibernate.action.internal.EntityInsertAction.execute(EntityInsertAction.java:107)
	at org.hibernate.engine.spi.ActionQueue.executeActions(ActionQueue.java:604)
	at org.hibernate.engine.spi.ActionQueue.lambda$executeActions$1(ActionQueue.java:478)
	at java.base/java.util.LinkedHashMap.forEach(LinkedHashMap.java:684)
	at org.hibernate.engine.spi.ActionQueue.executeActions(ActionQueue.java:475)
	at org.hibernate.event.internal.AbstractFlushingEventListener.performExecutions(AbstractFlushingEventListener.java:345)
	at org.hibernate.event.internal.DefaultFlushEventListener.onFlush(DefaultFlushEventListener.java:40)
	at org.hibernate.event.service.internal.EventListenerGroupImpl.fireEventOnEachListener(EventListenerGroupImpl.java:93)
	at org.hibernate.internal.SessionImpl.doFlush(SessionImpl.java:1362)
	... 48 more
Caused by: org.h2.jdbc.JdbcSQLIntegrityConstraintViolationException: Referential integrity constraint violation: &quot;FKFDODR0328TS6SFHFRSC5BPMS0: PUBLIC.TRANSACTION_LOGS FOREIGN KEY(CURRENCY_ACCOUNT_ID) REFERENCES PUBLIC.CURRENCY_ACCOUNTS(ID) (1)&quot;; SQL statement:
insert into transaction_logs (balance_after_transaction, currency_account_id, date, foreign_currency_account, transfer_amount, id) values (?, ?, ?, ?, ?, ?) [23506-200]
	at org.h2.message.DbException.getJdbcSQLException(DbException.java:459)
	at org.h2.message.DbException.getJdbcSQLException(DbException.java:429)
	at org.h2.message.DbException.get(DbException.java:205)
	at org.h2.message.DbException.get(DbException.java:181)
	at org.h2.constraint.ConstraintReferential.checkRowOwnTable(ConstraintReferential.java:319)
	at org.h2.constraint.ConstraintReferential.checkRow(ConstraintReferential.java:261)
	at org.h2.table.Table.fireConstraints(Table.java:1057)
	at org.h2.table.Table.fireAfterRow(Table.java:1075)
	at org.h2.command.dml.Insert.insertRows(Insert.java:211)
	at org.h2.command.dml.Insert.update(Insert.java:151)
	at org.h2.command.CommandContainer.update(CommandContainer.java:198)
	at org.h2.command.Command.executeUpdate(Command.java:251)
	at org.h2.jdbc.JdbcPreparedStatement.executeUpdateInternal(JdbcPreparedStatement.java:191)
	at org.h2.jdbc.JdbcPreparedStatement.executeUpdate(JdbcPreparedStatement.java:152)
	at com.mchange.v2.c3p0.impl.NewProxyPreparedStatement.executeUpdate(NewProxyPreparedStatement.java:1502)
	at org.hibernate.engine.jdbc.internal.ResultSetReturnImpl.executeUpdate(ResultSetReturnImpl.java:197)
	... 59 more
</failure>
    <system-out>Hibernate: call next value for hibernate_sequence
Hibernate: insert into transaction_logs (balance_after_transaction, currency_account_id, date, foreign_currency_account, transfer_amount, id) values (?, ?, ?, ?, ?, ?)
</system-out>
  </testcase>
  <testcase classname="external.dao.TransactionLogDaoTest" name="shouldFindAllByAccountId" time="0">
    <skipped/>
  </testcase>
  <testcase classname="external.dao.TransactionLogDaoTest" name="shouldDeleteAll" time="0">
    <skipped/>
  </testcase>
</testsuite>